[2025-04-14T00:13:42.837+0000] {processor.py:186} INFO - Started process (PID=35) to work on /opt/airflow/dags/api_ingest.py
[2025-04-14T00:13:42.839+0000] {processor.py:914} INFO - Processing file /opt/airflow/dags/api_ingest.py for tasks to queue
[2025-04-14T00:13:42.843+0000] {logging_mixin.py:190} INFO - [2025-04-14T00:13:42.842+0000] {dagbag.py:588} INFO - Filling up the DagBag from /opt/airflow/dags/api_ingest.py
[2025-04-14T00:13:42.869+0000] {processor.py:925} INFO - DAG(s) 'test_dag' retrieved from /opt/airflow/dags/api_ingest.py
[2025-04-14T00:13:42.913+0000] {logging_mixin.py:190} INFO - [2025-04-14T00:13:42.913+0000] {dag.py:3239} INFO - Sync 1 DAGs
[2025-04-14T00:13:42.966+0000] {logging_mixin.py:190} INFO - [2025-04-14T00:13:42.965+0000] {dag.py:4180} INFO - Setting next_dagrun for test_dag to 2025-04-13 00:00:00+00:00, run_after=2025-04-14 00:00:00+00:00
[2025-04-14T00:13:43.025+0000] {processor.py:208} INFO - Processing /opt/airflow/dags/api_ingest.py took 0.199 seconds
[2025-04-14T00:14:13.817+0000] {processor.py:186} INFO - Started process (PID=39) to work on /opt/airflow/dags/api_ingest.py
[2025-04-14T00:14:13.818+0000] {processor.py:914} INFO - Processing file /opt/airflow/dags/api_ingest.py for tasks to queue
[2025-04-14T00:14:13.822+0000] {logging_mixin.py:190} INFO - [2025-04-14T00:14:13.821+0000] {dagbag.py:588} INFO - Filling up the DagBag from /opt/airflow/dags/api_ingest.py
[2025-04-14T00:14:13.840+0000] {processor.py:925} INFO - DAG(s) 'test_dag' retrieved from /opt/airflow/dags/api_ingest.py
[2025-04-14T00:14:13.873+0000] {logging_mixin.py:190} INFO - [2025-04-14T00:14:13.873+0000] {dag.py:3239} INFO - Sync 1 DAGs
[2025-04-14T00:14:13.910+0000] {logging_mixin.py:190} INFO - [2025-04-14T00:14:13.909+0000] {dag.py:4180} INFO - Setting next_dagrun for test_dag to 2025-04-13 00:00:00+00:00, run_after=2025-04-14 00:00:00+00:00
[2025-04-14T00:14:13.951+0000] {processor.py:208} INFO - Processing /opt/airflow/dags/api_ingest.py took 0.145 seconds
[2025-04-14T00:14:45.154+0000] {processor.py:186} INFO - Started process (PID=43) to work on /opt/airflow/dags/api_ingest.py
[2025-04-14T00:14:45.156+0000] {processor.py:914} INFO - Processing file /opt/airflow/dags/api_ingest.py for tasks to queue
[2025-04-14T00:14:45.160+0000] {logging_mixin.py:190} INFO - [2025-04-14T00:14:45.159+0000] {dagbag.py:588} INFO - Filling up the DagBag from /opt/airflow/dags/api_ingest.py
[2025-04-14T00:14:45.178+0000] {processor.py:925} INFO - DAG(s) 'test_dag' retrieved from /opt/airflow/dags/api_ingest.py
[2025-04-14T00:14:45.212+0000] {logging_mixin.py:190} INFO - [2025-04-14T00:14:45.211+0000] {dag.py:3239} INFO - Sync 1 DAGs
[2025-04-14T00:14:45.249+0000] {logging_mixin.py:190} INFO - [2025-04-14T00:14:45.249+0000] {dag.py:4180} INFO - Setting next_dagrun for test_dag to 2025-04-13 00:00:00+00:00, run_after=2025-04-14 00:00:00+00:00
[2025-04-14T00:14:45.292+0000] {processor.py:208} INFO - Processing /opt/airflow/dags/api_ingest.py took 0.147 seconds
[2025-04-14T00:15:16.227+0000] {processor.py:186} INFO - Started process (PID=47) to work on /opt/airflow/dags/api_ingest.py
[2025-04-14T00:15:16.228+0000] {processor.py:914} INFO - Processing file /opt/airflow/dags/api_ingest.py for tasks to queue
[2025-04-14T00:15:16.232+0000] {logging_mixin.py:190} INFO - [2025-04-14T00:15:16.231+0000] {dagbag.py:588} INFO - Filling up the DagBag from /opt/airflow/dags/api_ingest.py
[2025-04-14T00:15:16.250+0000] {processor.py:925} INFO - DAG(s) 'test_dag' retrieved from /opt/airflow/dags/api_ingest.py
[2025-04-14T00:15:16.284+0000] {logging_mixin.py:190} INFO - [2025-04-14T00:15:16.284+0000] {dag.py:3239} INFO - Sync 1 DAGs
[2025-04-14T00:15:16.323+0000] {logging_mixin.py:190} INFO - [2025-04-14T00:15:16.322+0000] {dag.py:4180} INFO - Setting next_dagrun for test_dag to 2025-04-13 00:00:00+00:00, run_after=2025-04-14 00:00:00+00:00
[2025-04-14T00:15:16.362+0000] {processor.py:208} INFO - Processing /opt/airflow/dags/api_ingest.py took 0.144 seconds
[2025-04-14T00:15:47.766+0000] {processor.py:186} INFO - Started process (PID=51) to work on /opt/airflow/dags/api_ingest.py
[2025-04-14T00:15:47.768+0000] {processor.py:914} INFO - Processing file /opt/airflow/dags/api_ingest.py for tasks to queue
[2025-04-14T00:15:47.771+0000] {logging_mixin.py:190} INFO - [2025-04-14T00:15:47.771+0000] {dagbag.py:588} INFO - Filling up the DagBag from /opt/airflow/dags/api_ingest.py
[2025-04-14T00:15:47.790+0000] {processor.py:925} INFO - DAG(s) 'test_dag' retrieved from /opt/airflow/dags/api_ingest.py
[2025-04-14T00:15:47.824+0000] {logging_mixin.py:190} INFO - [2025-04-14T00:15:47.823+0000] {dag.py:3239} INFO - Sync 1 DAGs
[2025-04-14T00:15:47.864+0000] {logging_mixin.py:190} INFO - [2025-04-14T00:15:47.863+0000] {dag.py:4180} INFO - Setting next_dagrun for test_dag to 2025-04-13 00:00:00+00:00, run_after=2025-04-14 00:00:00+00:00
[2025-04-14T00:15:47.905+0000] {processor.py:208} INFO - Processing /opt/airflow/dags/api_ingest.py took 0.148 seconds
[2025-04-14T00:21:30.380+0000] {processor.py:186} INFO - Started process (PID=58) to work on /opt/airflow/dags/api_ingest.py
[2025-04-14T00:21:30.382+0000] {processor.py:914} INFO - Processing file /opt/airflow/dags/api_ingest.py for tasks to queue
[2025-04-14T00:21:30.388+0000] {logging_mixin.py:190} INFO - [2025-04-14T00:21:30.386+0000] {dagbag.py:588} INFO - Filling up the DagBag from /opt/airflow/dags/api_ingest.py
[2025-04-14T00:21:30.413+0000] {processor.py:925} INFO - DAG(s) 'test_dag' retrieved from /opt/airflow/dags/api_ingest.py
[2025-04-14T00:21:30.454+0000] {logging_mixin.py:190} INFO - [2025-04-14T00:21:30.454+0000] {dag.py:3239} INFO - Sync 1 DAGs
[2025-04-14T00:21:30.493+0000] {logging_mixin.py:190} INFO - [2025-04-14T00:21:30.493+0000] {dag.py:4180} INFO - Setting next_dagrun for test_dag to 2025-04-13 00:00:00+00:00, run_after=2025-04-14 00:00:00+00:00
[2025-04-14T00:21:30.554+0000] {processor.py:208} INFO - Processing /opt/airflow/dags/api_ingest.py took 0.185 seconds
[2025-04-14T00:22:03.499+0000] {processor.py:186} INFO - Started process (PID=62) to work on /opt/airflow/dags/api_ingest.py
[2025-04-14T00:22:03.501+0000] {processor.py:914} INFO - Processing file /opt/airflow/dags/api_ingest.py for tasks to queue
[2025-04-14T00:22:03.505+0000] {logging_mixin.py:190} INFO - [2025-04-14T00:22:03.504+0000] {dagbag.py:588} INFO - Filling up the DagBag from /opt/airflow/dags/api_ingest.py
[2025-04-14T00:22:03.524+0000] {processor.py:925} INFO - DAG(s) 'test_dag' retrieved from /opt/airflow/dags/api_ingest.py
[2025-04-14T00:22:03.558+0000] {logging_mixin.py:190} INFO - [2025-04-14T00:22:03.558+0000] {dag.py:3239} INFO - Sync 1 DAGs
[2025-04-14T00:22:03.596+0000] {logging_mixin.py:190} INFO - [2025-04-14T00:22:03.596+0000] {dag.py:4180} INFO - Setting next_dagrun for test_dag to 2025-04-13 00:00:00+00:00, run_after=2025-04-14 00:00:00+00:00
[2025-04-14T00:22:03.638+0000] {processor.py:208} INFO - Processing /opt/airflow/dags/api_ingest.py took 0.148 seconds
[2025-04-14T00:22:50.830+0000] {processor.py:186} INFO - Started process (PID=265) to work on /opt/airflow/dags/api_ingest.py
[2025-04-14T00:22:50.831+0000] {processor.py:914} INFO - Processing file /opt/airflow/dags/api_ingest.py for tasks to queue
[2025-04-14T00:22:50.835+0000] {logging_mixin.py:190} INFO - [2025-04-14T00:22:50.835+0000] {dagbag.py:588} INFO - Filling up the DagBag from /opt/airflow/dags/api_ingest.py
[2025-04-14T00:22:50.854+0000] {processor.py:925} INFO - DAG(s) 'test_dag' retrieved from /opt/airflow/dags/api_ingest.py
[2025-04-14T00:22:50.888+0000] {logging_mixin.py:190} INFO - [2025-04-14T00:22:50.887+0000] {dag.py:3239} INFO - Sync 1 DAGs
[2025-04-14T00:22:50.922+0000] {logging_mixin.py:190} INFO - [2025-04-14T00:22:50.921+0000] {dag.py:4180} INFO - Setting next_dagrun for test_dag to 2025-04-13 00:00:00+00:00, run_after=2025-04-14 00:00:00+00:00
[2025-04-14T00:22:50.964+0000] {processor.py:208} INFO - Processing /opt/airflow/dags/api_ingest.py took 0.143 seconds
[2025-04-14T00:23:22.353+0000] {processor.py:186} INFO - Started process (PID=269) to work on /opt/airflow/dags/api_ingest.py
[2025-04-14T00:23:22.354+0000] {processor.py:914} INFO - Processing file /opt/airflow/dags/api_ingest.py for tasks to queue
[2025-04-14T00:23:22.359+0000] {logging_mixin.py:190} INFO - [2025-04-14T00:23:22.358+0000] {dagbag.py:588} INFO - Filling up the DagBag from /opt/airflow/dags/api_ingest.py
[2025-04-14T00:23:22.376+0000] {processor.py:925} INFO - DAG(s) 'test_dag' retrieved from /opt/airflow/dags/api_ingest.py
[2025-04-14T00:23:22.409+0000] {logging_mixin.py:190} INFO - [2025-04-14T00:23:22.409+0000] {dag.py:3239} INFO - Sync 1 DAGs
[2025-04-14T00:23:22.442+0000] {logging_mixin.py:190} INFO - [2025-04-14T00:23:22.441+0000] {dag.py:4180} INFO - Setting next_dagrun for test_dag to 2025-04-13 00:00:00+00:00, run_after=2025-04-14 00:00:00+00:00
[2025-04-14T00:23:22.481+0000] {processor.py:208} INFO - Processing /opt/airflow/dags/api_ingest.py took 0.138 seconds
[2025-04-14T00:23:53.013+0000] {processor.py:186} INFO - Started process (PID=273) to work on /opt/airflow/dags/api_ingest.py
[2025-04-14T00:23:53.015+0000] {processor.py:914} INFO - Processing file /opt/airflow/dags/api_ingest.py for tasks to queue
[2025-04-14T00:23:53.019+0000] {logging_mixin.py:190} INFO - [2025-04-14T00:23:53.018+0000] {dagbag.py:588} INFO - Filling up the DagBag from /opt/airflow/dags/api_ingest.py
[2025-04-14T00:23:53.038+0000] {processor.py:925} INFO - DAG(s) 'test_dag' retrieved from /opt/airflow/dags/api_ingest.py
[2025-04-14T00:23:53.071+0000] {logging_mixin.py:190} INFO - [2025-04-14T00:23:53.071+0000] {dag.py:3239} INFO - Sync 1 DAGs
[2025-04-14T00:23:53.105+0000] {logging_mixin.py:190} INFO - [2025-04-14T00:23:53.105+0000] {dag.py:4180} INFO - Setting next_dagrun for test_dag to 2025-04-13 00:00:00+00:00, run_after=2025-04-14 00:00:00+00:00
[2025-04-14T00:23:53.149+0000] {processor.py:208} INFO - Processing /opt/airflow/dags/api_ingest.py took 0.145 seconds
[2025-04-14T00:24:23.723+0000] {processor.py:186} INFO - Started process (PID=277) to work on /opt/airflow/dags/api_ingest.py
[2025-04-14T00:24:23.725+0000] {processor.py:914} INFO - Processing file /opt/airflow/dags/api_ingest.py for tasks to queue
[2025-04-14T00:24:23.729+0000] {logging_mixin.py:190} INFO - [2025-04-14T00:24:23.729+0000] {dagbag.py:588} INFO - Filling up the DagBag from /opt/airflow/dags/api_ingest.py
[2025-04-14T00:24:23.748+0000] {processor.py:925} INFO - DAG(s) 'test_dag' retrieved from /opt/airflow/dags/api_ingest.py
[2025-04-14T00:24:23.783+0000] {logging_mixin.py:190} INFO - [2025-04-14T00:24:23.782+0000] {dag.py:3239} INFO - Sync 1 DAGs
[2025-04-14T00:24:23.817+0000] {logging_mixin.py:190} INFO - [2025-04-14T00:24:23.817+0000] {dag.py:4180} INFO - Setting next_dagrun for test_dag to 2025-04-13 00:00:00+00:00, run_after=2025-04-14 00:00:00+00:00
[2025-04-14T00:24:23.858+0000] {processor.py:208} INFO - Processing /opt/airflow/dags/api_ingest.py took 0.145 seconds
