[2025-04-14T00:13:37.082+0000] {processor.py:186} INFO - Started process (PID=32) to work on /opt/airflow/dags/api_to_spark.py
[2025-04-14T00:13:37.087+0000] {processor.py:914} INFO - Processing file /opt/airflow/dags/api_to_spark.py for tasks to queue
[2025-04-14T00:13:37.094+0000] {logging_mixin.py:190} INFO - [2025-04-14T00:13:37.093+0000] {dagbag.py:588} INFO - Filling up the DagBag from /opt/airflow/dags/api_to_spark.py
[2025-04-14T00:13:37.187+0000] {processor.py:925} INFO - DAG(s) 'api_to_spark' retrieved from /opt/airflow/dags/api_to_spark.py
[2025-04-14T00:13:37.387+0000] {logging_mixin.py:190} INFO - [2025-04-14T00:13:37.386+0000] {dag.py:3239} INFO - Sync 1 DAGs
[2025-04-14T00:13:37.482+0000] {logging_mixin.py:190} INFO - [2025-04-14T00:13:37.481+0000] {dag.py:4180} INFO - Setting next_dagrun for api_to_spark to 2025-04-14 00:00:00+00:00, run_after=2025-04-15 00:00:00+00:00
[2025-04-14T00:13:37.560+0000] {processor.py:208} INFO - Processing /opt/airflow/dags/api_to_spark.py took 0.491 seconds
[2025-04-14T00:14:08.305+0000] {processor.py:186} INFO - Started process (PID=36) to work on /opt/airflow/dags/api_to_spark.py
[2025-04-14T00:14:08.307+0000] {processor.py:914} INFO - Processing file /opt/airflow/dags/api_to_spark.py for tasks to queue
[2025-04-14T00:14:08.311+0000] {logging_mixin.py:190} INFO - [2025-04-14T00:14:08.311+0000] {dagbag.py:588} INFO - Filling up the DagBag from /opt/airflow/dags/api_to_spark.py
[2025-04-14T00:14:08.342+0000] {processor.py:925} INFO - DAG(s) 'api_to_spark' retrieved from /opt/airflow/dags/api_to_spark.py
[2025-04-14T00:14:08.402+0000] {logging_mixin.py:190} INFO - [2025-04-14T00:14:08.402+0000] {dag.py:3239} INFO - Sync 1 DAGs
[2025-04-14T00:14:08.465+0000] {logging_mixin.py:190} INFO - [2025-04-14T00:14:08.464+0000] {dag.py:4180} INFO - Setting next_dagrun for api_to_spark to 2025-04-14 00:00:00+00:00, run_after=2025-04-15 00:00:00+00:00
[2025-04-14T00:14:08.518+0000] {processor.py:208} INFO - Processing /opt/airflow/dags/api_to_spark.py took 0.223 seconds
[2025-04-14T00:14:39.243+0000] {processor.py:186} INFO - Started process (PID=40) to work on /opt/airflow/dags/api_to_spark.py
[2025-04-14T00:14:39.245+0000] {processor.py:914} INFO - Processing file /opt/airflow/dags/api_to_spark.py for tasks to queue
[2025-04-14T00:14:39.249+0000] {logging_mixin.py:190} INFO - [2025-04-14T00:14:39.248+0000] {dagbag.py:588} INFO - Filling up the DagBag from /opt/airflow/dags/api_to_spark.py
[2025-04-14T00:14:39.269+0000] {processor.py:925} INFO - DAG(s) 'api_to_spark' retrieved from /opt/airflow/dags/api_to_spark.py
[2025-04-14T00:14:39.302+0000] {logging_mixin.py:190} INFO - [2025-04-14T00:14:39.301+0000] {dag.py:3239} INFO - Sync 1 DAGs
[2025-04-14T00:14:39.340+0000] {logging_mixin.py:190} INFO - [2025-04-14T00:14:39.339+0000] {dag.py:4180} INFO - Setting next_dagrun for api_to_spark to 2025-04-14 00:00:00+00:00, run_after=2025-04-15 00:00:00+00:00
[2025-04-14T00:14:39.382+0000] {processor.py:208} INFO - Processing /opt/airflow/dags/api_to_spark.py took 0.147 seconds
[2025-04-14T00:15:09.470+0000] {processor.py:186} INFO - Started process (PID=44) to work on /opt/airflow/dags/api_to_spark.py
[2025-04-14T00:15:09.471+0000] {processor.py:914} INFO - Processing file /opt/airflow/dags/api_to_spark.py for tasks to queue
[2025-04-14T00:15:09.475+0000] {logging_mixin.py:190} INFO - [2025-04-14T00:15:09.475+0000] {dagbag.py:588} INFO - Filling up the DagBag from /opt/airflow/dags/api_to_spark.py
[2025-04-14T00:15:09.495+0000] {processor.py:925} INFO - DAG(s) 'api_to_spark' retrieved from /opt/airflow/dags/api_to_spark.py
[2025-04-14T00:15:09.537+0000] {logging_mixin.py:190} INFO - [2025-04-14T00:15:09.537+0000] {dag.py:3239} INFO - Sync 1 DAGs
[2025-04-14T00:15:09.578+0000] {logging_mixin.py:190} INFO - [2025-04-14T00:15:09.578+0000] {dag.py:4180} INFO - Setting next_dagrun for api_to_spark to 2025-04-14 00:00:00+00:00, run_after=2025-04-15 00:00:00+00:00
[2025-04-14T00:15:09.619+0000] {processor.py:208} INFO - Processing /opt/airflow/dags/api_to_spark.py took 0.158 seconds
[2025-04-14T00:15:39.760+0000] {processor.py:186} INFO - Started process (PID=48) to work on /opt/airflow/dags/api_to_spark.py
[2025-04-14T00:15:39.761+0000] {processor.py:914} INFO - Processing file /opt/airflow/dags/api_to_spark.py for tasks to queue
[2025-04-14T00:15:39.765+0000] {logging_mixin.py:190} INFO - [2025-04-14T00:15:39.765+0000] {dagbag.py:588} INFO - Filling up the DagBag from /opt/airflow/dags/api_to_spark.py
[2025-04-14T00:15:39.784+0000] {processor.py:925} INFO - DAG(s) 'api_to_spark' retrieved from /opt/airflow/dags/api_to_spark.py
[2025-04-14T00:15:39.818+0000] {logging_mixin.py:190} INFO - [2025-04-14T00:15:39.818+0000] {dag.py:3239} INFO - Sync 1 DAGs
[2025-04-14T00:15:39.857+0000] {logging_mixin.py:190} INFO - [2025-04-14T00:15:39.857+0000] {dag.py:4180} INFO - Setting next_dagrun for api_to_spark to 2025-04-14 00:00:00+00:00, run_after=2025-04-15 00:00:00+00:00
[2025-04-14T00:15:39.897+0000] {processor.py:208} INFO - Processing /opt/airflow/dags/api_to_spark.py took 0.147 seconds
[2025-04-14T00:16:10.177+0000] {processor.py:186} INFO - Started process (PID=52) to work on /opt/airflow/dags/api_to_spark.py
[2025-04-14T00:16:10.179+0000] {processor.py:914} INFO - Processing file /opt/airflow/dags/api_to_spark.py for tasks to queue
[2025-04-14T00:16:10.182+0000] {logging_mixin.py:190} INFO - [2025-04-14T00:16:10.182+0000] {dagbag.py:588} INFO - Filling up the DagBag from /opt/airflow/dags/api_to_spark.py
[2025-04-14T00:16:10.203+0000] {processor.py:925} INFO - DAG(s) 'api_to_spark' retrieved from /opt/airflow/dags/api_to_spark.py
[2025-04-14T00:16:10.238+0000] {logging_mixin.py:190} INFO - [2025-04-14T00:16:10.238+0000] {dag.py:3239} INFO - Sync 1 DAGs
[2025-04-14T00:16:10.281+0000] {logging_mixin.py:190} INFO - [2025-04-14T00:16:10.280+0000] {dag.py:4180} INFO - Setting next_dagrun for api_to_spark to 2025-04-14 00:00:00+00:00, run_after=2025-04-15 00:00:00+00:00
[2025-04-14T00:16:10.325+0000] {processor.py:208} INFO - Processing /opt/airflow/dags/api_to_spark.py took 0.158 seconds
[2025-04-14T00:21:27.459+0000] {processor.py:186} INFO - Started process (PID=55) to work on /opt/airflow/dags/api_to_spark.py
[2025-04-14T00:21:27.464+0000] {processor.py:914} INFO - Processing file /opt/airflow/dags/api_to_spark.py for tasks to queue
[2025-04-14T00:21:27.473+0000] {logging_mixin.py:190} INFO - [2025-04-14T00:21:27.470+0000] {dagbag.py:588} INFO - Filling up the DagBag from /opt/airflow/dags/api_to_spark.py
[2025-04-14T00:21:27.520+0000] {processor.py:925} INFO - DAG(s) 'api_to_spark' retrieved from /opt/airflow/dags/api_to_spark.py
[2025-04-14T00:21:27.615+0000] {logging_mixin.py:190} INFO - [2025-04-14T00:21:27.611+0000] {dag.py:3239} INFO - Sync 1 DAGs
[2025-04-14T00:21:27.727+0000] {logging_mixin.py:190} INFO - [2025-04-14T00:21:27.725+0000] {dag.py:4180} INFO - Setting next_dagrun for api_to_spark to 2025-04-14 00:00:00+00:00, run_after=2025-04-15 00:00:00+00:00
[2025-04-14T00:21:27.799+0000] {processor.py:208} INFO - Processing /opt/airflow/dags/api_to_spark.py took 0.352 seconds
[2025-04-14T00:21:58.466+0000] {processor.py:186} INFO - Started process (PID=59) to work on /opt/airflow/dags/api_to_spark.py
[2025-04-14T00:21:58.468+0000] {processor.py:914} INFO - Processing file /opt/airflow/dags/api_to_spark.py for tasks to queue
[2025-04-14T00:21:58.472+0000] {logging_mixin.py:190} INFO - [2025-04-14T00:21:58.471+0000] {dagbag.py:588} INFO - Filling up the DagBag from /opt/airflow/dags/api_to_spark.py
[2025-04-14T00:21:58.492+0000] {processor.py:925} INFO - DAG(s) 'api_to_spark' retrieved from /opt/airflow/dags/api_to_spark.py
[2025-04-14T00:21:58.529+0000] {logging_mixin.py:190} INFO - [2025-04-14T00:21:58.529+0000] {dag.py:3239} INFO - Sync 1 DAGs
[2025-04-14T00:21:58.565+0000] {logging_mixin.py:190} INFO - [2025-04-14T00:21:58.565+0000] {dag.py:4180} INFO - Setting next_dagrun for api_to_spark to 2025-04-14 00:00:00+00:00, run_after=2025-04-15 00:00:00+00:00
[2025-04-14T00:21:58.609+0000] {processor.py:208} INFO - Processing /opt/airflow/dags/api_to_spark.py took 0.154 seconds
[2025-04-14T00:22:47.728+0000] {processor.py:186} INFO - Started process (PID=262) to work on /opt/airflow/dags/api_to_spark.py
[2025-04-14T00:22:47.730+0000] {processor.py:914} INFO - Processing file /opt/airflow/dags/api_to_spark.py for tasks to queue
[2025-04-14T00:22:47.734+0000] {logging_mixin.py:190} INFO - [2025-04-14T00:22:47.733+0000] {dagbag.py:588} INFO - Filling up the DagBag from /opt/airflow/dags/api_to_spark.py
[2025-04-14T00:22:47.753+0000] {processor.py:925} INFO - DAG(s) 'api_to_spark' retrieved from /opt/airflow/dags/api_to_spark.py
[2025-04-14T00:22:47.786+0000] {logging_mixin.py:190} INFO - [2025-04-14T00:22:47.786+0000] {dag.py:3239} INFO - Sync 1 DAGs
[2025-04-14T00:22:47.821+0000] {logging_mixin.py:190} INFO - [2025-04-14T00:22:47.821+0000] {dag.py:4180} INFO - Setting next_dagrun for api_to_spark to 2025-04-14 00:00:00+00:00, run_after=2025-04-15 00:00:00+00:00
[2025-04-14T00:22:47.861+0000] {processor.py:208} INFO - Processing /opt/airflow/dags/api_to_spark.py took 0.143 seconds
[2025-04-14T00:23:18.292+0000] {processor.py:186} INFO - Started process (PID=266) to work on /opt/airflow/dags/api_to_spark.py
[2025-04-14T00:23:18.294+0000] {processor.py:914} INFO - Processing file /opt/airflow/dags/api_to_spark.py for tasks to queue
[2025-04-14T00:23:18.298+0000] {logging_mixin.py:190} INFO - [2025-04-14T00:23:18.297+0000] {dagbag.py:588} INFO - Filling up the DagBag from /opt/airflow/dags/api_to_spark.py
[2025-04-14T00:23:18.318+0000] {processor.py:925} INFO - DAG(s) 'api_to_spark' retrieved from /opt/airflow/dags/api_to_spark.py
[2025-04-14T00:23:18.353+0000] {logging_mixin.py:190} INFO - [2025-04-14T00:23:18.353+0000] {dag.py:3239} INFO - Sync 1 DAGs
[2025-04-14T00:23:18.402+0000] {logging_mixin.py:190} INFO - [2025-04-14T00:23:18.401+0000] {dag.py:4180} INFO - Setting next_dagrun for api_to_spark to 2025-04-14 00:00:00+00:00, run_after=2025-04-15 00:00:00+00:00
[2025-04-14T00:23:18.449+0000] {processor.py:208} INFO - Processing /opt/airflow/dags/api_to_spark.py took 0.166 seconds
[2025-04-14T00:23:48.772+0000] {processor.py:186} INFO - Started process (PID=270) to work on /opt/airflow/dags/api_to_spark.py
[2025-04-14T00:23:48.774+0000] {processor.py:914} INFO - Processing file /opt/airflow/dags/api_to_spark.py for tasks to queue
[2025-04-14T00:23:48.778+0000] {logging_mixin.py:190} INFO - [2025-04-14T00:23:48.777+0000] {dagbag.py:588} INFO - Filling up the DagBag from /opt/airflow/dags/api_to_spark.py
[2025-04-14T00:23:48.799+0000] {processor.py:925} INFO - DAG(s) 'api_to_spark' retrieved from /opt/airflow/dags/api_to_spark.py
[2025-04-14T00:23:48.833+0000] {logging_mixin.py:190} INFO - [2025-04-14T00:23:48.833+0000] {dag.py:3239} INFO - Sync 1 DAGs
[2025-04-14T00:23:48.869+0000] {logging_mixin.py:190} INFO - [2025-04-14T00:23:48.869+0000] {dag.py:4180} INFO - Setting next_dagrun for api_to_spark to 2025-04-14 00:00:00+00:00, run_after=2025-04-15 00:00:00+00:00
[2025-04-14T00:23:48.911+0000] {processor.py:208} INFO - Processing /opt/airflow/dags/api_to_spark.py took 0.148 seconds
[2025-04-14T00:24:19.199+0000] {processor.py:186} INFO - Started process (PID=274) to work on /opt/airflow/dags/api_to_spark.py
[2025-04-14T00:24:19.201+0000] {processor.py:914} INFO - Processing file /opt/airflow/dags/api_to_spark.py for tasks to queue
[2025-04-14T00:24:19.205+0000] {logging_mixin.py:190} INFO - [2025-04-14T00:24:19.204+0000] {dagbag.py:588} INFO - Filling up the DagBag from /opt/airflow/dags/api_to_spark.py
[2025-04-14T00:24:19.225+0000] {processor.py:925} INFO - DAG(s) 'api_to_spark' retrieved from /opt/airflow/dags/api_to_spark.py
[2025-04-14T00:24:19.258+0000] {logging_mixin.py:190} INFO - [2025-04-14T00:24:19.258+0000] {dag.py:3239} INFO - Sync 1 DAGs
[2025-04-14T00:24:19.293+0000] {logging_mixin.py:190} INFO - [2025-04-14T00:24:19.293+0000] {dag.py:4180} INFO - Setting next_dagrun for api_to_spark to 2025-04-14 00:00:00+00:00, run_after=2025-04-15 00:00:00+00:00
[2025-04-14T00:24:19.333+0000] {processor.py:208} INFO - Processing /opt/airflow/dags/api_to_spark.py took 0.143 seconds
