[2025-04-14T00:13:38.990+0000] {processor.py:186} INFO - Started process (PID=33) to work on /opt/airflow/dags/user_processing.py
[2025-04-14T00:13:38.992+0000] {processor.py:914} INFO - Processing file /opt/airflow/dags/user_processing.py for tasks to queue
[2025-04-14T00:13:38.998+0000] {logging_mixin.py:190} INFO - [2025-04-14T00:13:38.997+0000] {dagbag.py:588} INFO - Filling up the DagBag from /opt/airflow/dags/user_processing.py
[2025-04-14T00:13:41.474+0000] {processor.py:925} INFO - DAG(s) 'user_processing' retrieved from /opt/airflow/dags/user_processing.py
[2025-04-14T00:13:41.507+0000] {logging_mixin.py:190} INFO - [2025-04-14T00:13:41.506+0000] {dag.py:3239} INFO - Sync 1 DAGs
[2025-04-14T00:13:41.547+0000] {logging_mixin.py:190} INFO - [2025-04-14T00:13:41.547+0000] {dag.py:4180} INFO - Setting next_dagrun for user_processing to 2025-04-14 00:00:00+00:00, run_after=2025-04-15 00:00:00+00:00
[2025-04-14T00:13:41.606+0000] {processor.py:208} INFO - Processing /opt/airflow/dags/user_processing.py took 2.627 seconds
[2025-04-14T00:14:11.801+0000] {processor.py:186} INFO - Started process (PID=37) to work on /opt/airflow/dags/user_processing.py
[2025-04-14T00:14:11.802+0000] {processor.py:914} INFO - Processing file /opt/airflow/dags/user_processing.py for tasks to queue
[2025-04-14T00:14:11.806+0000] {logging_mixin.py:190} INFO - [2025-04-14T00:14:11.806+0000] {dagbag.py:588} INFO - Filling up the DagBag from /opt/airflow/dags/user_processing.py
[2025-04-14T00:14:12.537+0000] {processor.py:925} INFO - DAG(s) 'user_processing' retrieved from /opt/airflow/dags/user_processing.py
[2025-04-14T00:14:12.563+0000] {logging_mixin.py:190} INFO - [2025-04-14T00:14:12.563+0000] {dag.py:3239} INFO - Sync 1 DAGs
[2025-04-14T00:14:12.593+0000] {logging_mixin.py:190} INFO - [2025-04-14T00:14:12.592+0000] {dag.py:4180} INFO - Setting next_dagrun for user_processing to 2025-04-14 00:00:00+00:00, run_after=2025-04-15 00:00:00+00:00
[2025-04-14T00:14:12.627+0000] {processor.py:208} INFO - Processing /opt/airflow/dags/user_processing.py took 0.835 seconds
[2025-04-14T00:14:43.243+0000] {processor.py:186} INFO - Started process (PID=41) to work on /opt/airflow/dags/user_processing.py
[2025-04-14T00:14:43.245+0000] {processor.py:914} INFO - Processing file /opt/airflow/dags/user_processing.py for tasks to queue
[2025-04-14T00:14:43.249+0000] {logging_mixin.py:190} INFO - [2025-04-14T00:14:43.248+0000] {dagbag.py:588} INFO - Filling up the DagBag from /opt/airflow/dags/user_processing.py
[2025-04-14T00:14:43.918+0000] {processor.py:925} INFO - DAG(s) 'user_processing' retrieved from /opt/airflow/dags/user_processing.py
[2025-04-14T00:14:43.945+0000] {logging_mixin.py:190} INFO - [2025-04-14T00:14:43.945+0000] {dag.py:3239} INFO - Sync 1 DAGs
[2025-04-14T00:14:43.984+0000] {logging_mixin.py:190} INFO - [2025-04-14T00:14:43.983+0000] {dag.py:4180} INFO - Setting next_dagrun for user_processing to 2025-04-14 00:00:00+00:00, run_after=2025-04-15 00:00:00+00:00
[2025-04-14T00:14:44.021+0000] {processor.py:208} INFO - Processing /opt/airflow/dags/user_processing.py took 0.787 seconds
[2025-04-14T00:15:14.769+0000] {processor.py:186} INFO - Started process (PID=45) to work on /opt/airflow/dags/user_processing.py
[2025-04-14T00:15:14.770+0000] {processor.py:914} INFO - Processing file /opt/airflow/dags/user_processing.py for tasks to queue
[2025-04-14T00:15:14.774+0000] {logging_mixin.py:190} INFO - [2025-04-14T00:15:14.773+0000] {dagbag.py:588} INFO - Filling up the DagBag from /opt/airflow/dags/user_processing.py
[2025-04-14T00:15:15.347+0000] {processor.py:925} INFO - DAG(s) 'user_processing' retrieved from /opt/airflow/dags/user_processing.py
[2025-04-14T00:15:15.373+0000] {logging_mixin.py:190} INFO - [2025-04-14T00:15:15.373+0000] {dag.py:3239} INFO - Sync 1 DAGs
[2025-04-14T00:15:15.403+0000] {logging_mixin.py:190} INFO - [2025-04-14T00:15:15.403+0000] {dag.py:4180} INFO - Setting next_dagrun for user_processing to 2025-04-14 00:00:00+00:00, run_after=2025-04-15 00:00:00+00:00
[2025-04-14T00:15:15.438+0000] {processor.py:208} INFO - Processing /opt/airflow/dags/user_processing.py took 0.678 seconds
[2025-04-14T00:15:45.946+0000] {processor.py:186} INFO - Started process (PID=49) to work on /opt/airflow/dags/user_processing.py
[2025-04-14T00:15:45.948+0000] {processor.py:914} INFO - Processing file /opt/airflow/dags/user_processing.py for tasks to queue
[2025-04-14T00:15:45.952+0000] {logging_mixin.py:190} INFO - [2025-04-14T00:15:45.951+0000] {dagbag.py:588} INFO - Filling up the DagBag from /opt/airflow/dags/user_processing.py
[2025-04-14T00:15:46.535+0000] {processor.py:925} INFO - DAG(s) 'user_processing' retrieved from /opt/airflow/dags/user_processing.py
[2025-04-14T00:15:46.561+0000] {logging_mixin.py:190} INFO - [2025-04-14T00:15:46.561+0000] {dag.py:3239} INFO - Sync 1 DAGs
[2025-04-14T00:15:46.591+0000] {logging_mixin.py:190} INFO - [2025-04-14T00:15:46.591+0000] {dag.py:4180} INFO - Setting next_dagrun for user_processing to 2025-04-14 00:00:00+00:00, run_after=2025-04-15 00:00:00+00:00
[2025-04-14T00:15:46.626+0000] {processor.py:208} INFO - Processing /opt/airflow/dags/user_processing.py took 0.688 seconds
[2025-04-14T00:21:28.997+0000] {processor.py:186} INFO - Started process (PID=56) to work on /opt/airflow/dags/user_processing.py
[2025-04-14T00:21:28.999+0000] {processor.py:914} INFO - Processing file /opt/airflow/dags/user_processing.py for tasks to queue
[2025-04-14T00:21:29.003+0000] {logging_mixin.py:190} INFO - [2025-04-14T00:21:29.002+0000] {dagbag.py:588} INFO - Filling up the DagBag from /opt/airflow/dags/user_processing.py
[2025-04-14T00:21:29.583+0000] {processor.py:925} INFO - DAG(s) 'user_processing' retrieved from /opt/airflow/dags/user_processing.py
[2025-04-14T00:21:29.622+0000] {logging_mixin.py:190} INFO - [2025-04-14T00:21:29.621+0000] {dag.py:3239} INFO - Sync 1 DAGs
[2025-04-14T00:21:29.657+0000] {logging_mixin.py:190} INFO - [2025-04-14T00:21:29.656+0000] {dag.py:4180} INFO - Setting next_dagrun for user_processing to 2025-04-14 00:00:00+00:00, run_after=2025-04-15 00:00:00+00:00
[2025-04-14T00:21:29.704+0000] {processor.py:208} INFO - Processing /opt/airflow/dags/user_processing.py took 0.715 seconds
[2025-04-14T00:22:01.213+0000] {processor.py:186} INFO - Started process (PID=60) to work on /opt/airflow/dags/user_processing.py
[2025-04-14T00:22:01.215+0000] {processor.py:914} INFO - Processing file /opt/airflow/dags/user_processing.py for tasks to queue
[2025-04-14T00:22:01.221+0000] {logging_mixin.py:190} INFO - [2025-04-14T00:22:01.220+0000] {dagbag.py:588} INFO - Filling up the DagBag from /opt/airflow/dags/user_processing.py
[2025-04-14T00:22:02.151+0000] {processor.py:925} INFO - DAG(s) 'user_processing' retrieved from /opt/airflow/dags/user_processing.py
[2025-04-14T00:22:02.192+0000] {logging_mixin.py:190} INFO - [2025-04-14T00:22:02.191+0000] {dag.py:3239} INFO - Sync 1 DAGs
[2025-04-14T00:22:02.227+0000] {logging_mixin.py:190} INFO - [2025-04-14T00:22:02.227+0000] {dag.py:4180} INFO - Setting next_dagrun for user_processing to 2025-04-14 00:00:00+00:00, run_after=2025-04-15 00:00:00+00:00
[2025-04-14T00:22:02.276+0000] {processor.py:208} INFO - Processing /opt/airflow/dags/user_processing.py took 1.113 seconds
[2025-04-14T00:22:49.040+0000] {processor.py:186} INFO - Started process (PID=263) to work on /opt/airflow/dags/user_processing.py
[2025-04-14T00:22:49.042+0000] {processor.py:914} INFO - Processing file /opt/airflow/dags/user_processing.py for tasks to queue
[2025-04-14T00:22:49.046+0000] {logging_mixin.py:190} INFO - [2025-04-14T00:22:49.045+0000] {dagbag.py:588} INFO - Filling up the DagBag from /opt/airflow/dags/user_processing.py
[2025-04-14T00:22:49.477+0000] {processor.py:925} INFO - DAG(s) 'user_processing' retrieved from /opt/airflow/dags/user_processing.py
[2025-04-14T00:22:49.526+0000] {logging_mixin.py:190} INFO - [2025-04-14T00:22:49.526+0000] {dag.py:3239} INFO - Sync 1 DAGs
[2025-04-14T00:22:49.578+0000] {logging_mixin.py:190} INFO - [2025-04-14T00:22:49.578+0000] {dag.py:4180} INFO - Setting next_dagrun for user_processing to 2025-04-14 00:00:00+00:00, run_after=2025-04-15 00:00:00+00:00
[2025-04-14T00:22:49.646+0000] {processor.py:208} INFO - Processing /opt/airflow/dags/user_processing.py took 0.615 seconds
[2025-04-14T00:23:20.673+0000] {processor.py:186} INFO - Started process (PID=267) to work on /opt/airflow/dags/user_processing.py
[2025-04-14T00:23:20.674+0000] {processor.py:914} INFO - Processing file /opt/airflow/dags/user_processing.py for tasks to queue
[2025-04-14T00:23:20.678+0000] {logging_mixin.py:190} INFO - [2025-04-14T00:23:20.678+0000] {dagbag.py:588} INFO - Filling up the DagBag from /opt/airflow/dags/user_processing.py
[2025-04-14T00:23:21.086+0000] {processor.py:925} INFO - DAG(s) 'user_processing' retrieved from /opt/airflow/dags/user_processing.py
[2025-04-14T00:23:21.120+0000] {logging_mixin.py:190} INFO - [2025-04-14T00:23:21.119+0000] {dag.py:3239} INFO - Sync 1 DAGs
[2025-04-14T00:23:21.151+0000] {logging_mixin.py:190} INFO - [2025-04-14T00:23:21.150+0000] {dag.py:4180} INFO - Setting next_dagrun for user_processing to 2025-04-14 00:00:00+00:00, run_after=2025-04-15 00:00:00+00:00
[2025-04-14T00:23:21.189+0000] {processor.py:208} INFO - Processing /opt/airflow/dags/user_processing.py took 0.525 seconds
[2025-04-14T00:23:51.330+0000] {processor.py:186} INFO - Started process (PID=271) to work on /opt/airflow/dags/user_processing.py
[2025-04-14T00:23:51.332+0000] {processor.py:914} INFO - Processing file /opt/airflow/dags/user_processing.py for tasks to queue
[2025-04-14T00:23:51.336+0000] {logging_mixin.py:190} INFO - [2025-04-14T00:23:51.335+0000] {dagbag.py:588} INFO - Filling up the DagBag from /opt/airflow/dags/user_processing.py
[2025-04-14T00:23:51.744+0000] {processor.py:925} INFO - DAG(s) 'user_processing' retrieved from /opt/airflow/dags/user_processing.py
[2025-04-14T00:23:51.777+0000] {logging_mixin.py:190} INFO - [2025-04-14T00:23:51.776+0000] {dag.py:3239} INFO - Sync 1 DAGs
[2025-04-14T00:23:51.810+0000] {logging_mixin.py:190} INFO - [2025-04-14T00:23:51.810+0000] {dag.py:4180} INFO - Setting next_dagrun for user_processing to 2025-04-14 00:00:00+00:00, run_after=2025-04-15 00:00:00+00:00
[2025-04-14T00:23:51.847+0000] {processor.py:208} INFO - Processing /opt/airflow/dags/user_processing.py took 0.526 seconds
[2025-04-14T00:24:22.046+0000] {processor.py:186} INFO - Started process (PID=275) to work on /opt/airflow/dags/user_processing.py
[2025-04-14T00:24:22.047+0000] {processor.py:914} INFO - Processing file /opt/airflow/dags/user_processing.py for tasks to queue
[2025-04-14T00:24:22.053+0000] {logging_mixin.py:190} INFO - [2025-04-14T00:24:22.051+0000] {dagbag.py:588} INFO - Filling up the DagBag from /opt/airflow/dags/user_processing.py
[2025-04-14T00:24:22.467+0000] {processor.py:925} INFO - DAG(s) 'user_processing' retrieved from /opt/airflow/dags/user_processing.py
[2025-04-14T00:24:22.499+0000] {logging_mixin.py:190} INFO - [2025-04-14T00:24:22.498+0000] {dag.py:3239} INFO - Sync 1 DAGs
[2025-04-14T00:24:22.531+0000] {logging_mixin.py:190} INFO - [2025-04-14T00:24:22.530+0000] {dag.py:4180} INFO - Setting next_dagrun for user_processing to 2025-04-14 00:00:00+00:00, run_after=2025-04-15 00:00:00+00:00
[2025-04-14T00:24:22.568+0000] {processor.py:208} INFO - Processing /opt/airflow/dags/user_processing.py took 0.533 seconds
