[2025-04-14T00:13:35.676+0000] {manager.py:483} INFO - Processing files using up to 1 processes at a time 
[2025-04-14T00:13:35.677+0000] {manager.py:484} INFO - Process each file at most once every 30 seconds
[2025-04-14T00:13:35.678+0000] {manager.py:485} INFO - Checking for new files in /opt/airflow/dags every 300 seconds
[2025-04-14T00:13:35.679+0000] {manager.py:821} INFO - Searching for files in /opt/airflow/dags
[2025-04-14T00:13:35.784+0000] {manager.py:824} INFO - There are 3 files in /opt/airflow/dags
[2025-04-14T00:13:37.580+0000] {manager.py:997} INFO - 
================================================================================
DAG File Processing Stats

File Path                             PID    Runtime      # DAGs    # Errors  Last Runtime    Last Run               Last # of DB Queries
------------------------------------  -----  ---------  --------  ----------  --------------  -------------------  ----------------------
/opt/airflow/dags/api_to_spark.py                              1           0  0.52s           2025-04-14T00:13:37                      12
/opt/airflow/dags/api_ingest.py                                0           0                                                            0
/opt/airflow/dags/user_processing.py                           0           0                                                            0
================================================================================
[2025-04-14T00:14:08.596+0000] {manager.py:997} INFO - 
================================================================================
DAG File Processing Stats

File Path                             PID    Runtime      # DAGs    # Errors  Last Runtime    Last Run               Last # of DB Queries
------------------------------------  -----  ---------  --------  ----------  --------------  -------------------  ----------------------
/opt/airflow/dags/user_processing.py                           1           0  2.74s           2025-04-14T00:13:41                      12
/opt/airflow/dags/api_ingest.py                                1           0  0.31s           2025-04-14T00:13:43                      12
/opt/airflow/dags/api_to_spark.py                              1           0  0.31s           2025-04-14T00:14:08                      12
================================================================================
[2025-04-14T00:14:39.433+0000] {manager.py:997} INFO - 
================================================================================
DAG File Processing Stats

File Path                             PID    Runtime      # DAGs    # Errors  Last Runtime    Last Run               Last # of DB Queries
------------------------------------  -----  ---------  --------  ----------  --------------  -------------------  ----------------------
/opt/airflow/dags/user_processing.py                           1           0  0.92s           2025-04-14T00:14:12                      12
/opt/airflow/dags/api_ingest.py                                1           0  0.21s           2025-04-14T00:14:14                      12
/opt/airflow/dags/api_to_spark.py                              1           0  0.21s           2025-04-14T00:14:39                      12
================================================================================
[2025-04-14T00:15:09.658+0000] {manager.py:997} INFO - 
================================================================================
DAG File Processing Stats

File Path                             PID    Runtime      # DAGs    # Errors  Last Runtime    Last Run               Last # of DB Queries
------------------------------------  -----  ---------  --------  ----------  --------------  -------------------  ----------------------
/opt/airflow/dags/user_processing.py                           1           0  0.82s           2025-04-14T00:14:44                      12
/opt/airflow/dags/api_to_spark.py                              1           0  0.21s           2025-04-14T00:15:09                      12
/opt/airflow/dags/api_ingest.py                                1           0  0.21s           2025-04-14T00:14:45                      12
================================================================================
[2025-04-14T00:15:39.950+0000] {manager.py:997} INFO - 
================================================================================
DAG File Processing Stats

File Path                             PID    Runtime      # DAGs    # Errors  Last Runtime    Last Run               Last # of DB Queries
------------------------------------  -----  ---------  --------  ----------  --------------  -------------------  ----------------------
/opt/airflow/dags/user_processing.py                           1           0  0.71s           2025-04-14T00:15:15                      12
/opt/airflow/dags/api_to_spark.py                              1           0  0.21s           2025-04-14T00:15:39                      12
/opt/airflow/dags/api_ingest.py                                1           0  0.21s           2025-04-14T00:15:16                      12
================================================================================
[2025-04-14T00:16:10.366+0000] {manager.py:997} INFO - 
================================================================================
DAG File Processing Stats

File Path                             PID    Runtime      # DAGs    # Errors  Last Runtime    Last Run               Last # of DB Queries
------------------------------------  -----  ---------  --------  ----------  --------------  -------------------  ----------------------
/opt/airflow/dags/user_processing.py                           1           0  0.72s           2025-04-14T00:15:46                      12
/opt/airflow/dags/api_to_spark.py                              1           0  0.21s           2025-04-14T00:16:10                      12
/opt/airflow/dags/api_ingest.py                                1           0  0.21s           2025-04-14T00:15:47                      12
================================================================================
[2025-04-14T00:21:24.365+0000] {manager.py:465} INFO - Exiting gracefully upon receiving signal 15
[2025-04-14T00:21:25.402+0000] {manager.py:483} INFO - Processing files using up to 1 processes at a time 
[2025-04-14T00:21:25.404+0000] {manager.py:484} INFO - Process each file at most once every 30 seconds
[2025-04-14T00:21:25.405+0000] {manager.py:485} INFO - Checking for new files in /opt/airflow/dags every 300 seconds
[2025-04-14T00:21:25.409+0000] {manager.py:821} INFO - Searching for files in /opt/airflow/dags
[2025-04-14T00:21:25.444+0000] {manager.py:824} INFO - There are 3 files in /opt/airflow/dags
[2025-04-14T00:21:27.848+0000] {manager.py:997} INFO - 
================================================================================
DAG File Processing Stats

File Path                             PID    Runtime      # DAGs    # Errors  Last Runtime    Last Run               Last # of DB Queries
------------------------------------  -----  ---------  --------  ----------  --------------  -------------------  ----------------------
/opt/airflow/dags/api_to_spark.py                              1           0  0.42s           2025-04-14T00:21:27                      12
/opt/airflow/dags/api_ingest.py                                0           0                                                            0
/opt/airflow/dags/user_processing.py                           0           0                                                            0
================================================================================
[2025-04-14T00:21:58.653+0000] {manager.py:997} INFO - 
================================================================================
DAG File Processing Stats

File Path                             PID    Runtime      # DAGs    # Errors  Last Runtime    Last Run               Last # of DB Queries
------------------------------------  -----  ---------  --------  ----------  --------------  -------------------  ----------------------
/opt/airflow/dags/user_processing.py                           1           0  0.82s           2025-04-14T00:21:29                      12
/opt/airflow/dags/api_ingest.py                                1           0  0.21s           2025-04-14T00:21:30                      12
/opt/airflow/dags/api_to_spark.py                              1           0  0.21s           2025-04-14T00:21:58                      12
================================================================================
[2025-04-14T00:22:47.917+0000] {manager.py:997} INFO - 
================================================================================
DAG File Processing Stats

File Path                             PID    Runtime      # DAGs    # Errors  Last Runtime    Last Run               Last # of DB Queries
------------------------------------  -----  ---------  --------  ----------  --------------  -------------------  ----------------------
/opt/airflow/dags/user_processing.py                           1           0  1.58s           2025-04-14T00:22:02                      12
/opt/airflow/dags/api_ingest.py                                1           0  0.21s           2025-04-14T00:22:03                      12
/opt/airflow/dags/api_to_spark.py                              1           0  0.21s           2025-04-14T00:22:47                      12
================================================================================
[2025-04-14T00:23:18.482+0000] {manager.py:997} INFO - 
================================================================================
DAG File Processing Stats

File Path                             PID    Runtime      # DAGs    # Errors  Last Runtime    Last Run               Last # of DB Queries
------------------------------------  -----  ---------  --------  ----------  --------------  -------------------  ----------------------
/opt/airflow/dags/user_processing.py                           1           0  0.71s           2025-04-14T00:22:49                      12
/opt/airflow/dags/api_ingest.py                                1           0  0.21s           2025-04-14T00:22:51                      12
/opt/airflow/dags/api_to_spark.py                              1           0  0.21s           2025-04-14T00:23:18                      12
================================================================================
[2025-04-14T00:23:48.962+0000] {manager.py:997} INFO - 
================================================================================
DAG File Processing Stats

File Path                             PID    Runtime      # DAGs    # Errors  Last Runtime    Last Run               Last # of DB Queries
------------------------------------  -----  ---------  --------  ----------  --------------  -------------------  ----------------------
/opt/airflow/dags/user_processing.py                           1           0  0.61s           2025-04-14T00:23:21                      12
/opt/airflow/dags/api_to_spark.py                              1           0  0.21s           2025-04-14T00:23:48                      12
/opt/airflow/dags/api_ingest.py                                1           0  0.21s           2025-04-14T00:23:22                      12
================================================================================
[2025-04-14T00:24:19.389+0000] {manager.py:997} INFO - 
================================================================================
DAG File Processing Stats

File Path                             PID    Runtime      # DAGs    # Errors  Last Runtime    Last Run               Last # of DB Queries
------------------------------------  -----  ---------  --------  ----------  --------------  -------------------  ----------------------
/opt/airflow/dags/user_processing.py                           1           0  0.61s           2025-04-14T00:23:51                      12
/opt/airflow/dags/api_ingest.py                                1           0  0.21s           2025-04-14T00:23:53                      12
/opt/airflow/dags/api_to_spark.py                              1           0  0.21s           2025-04-14T00:24:19                      12
================================================================================
[2025-04-14T00:24:49.178+0000] {manager.py:465} INFO - Exiting gracefully upon receiving signal 15
