[2025-04-14T00:22:32.421+0000] {local_task_job_runner.py:123} INFO - ::group::Pre task execution logs
[2025-04-14T00:22:32.441+0000] {taskinstance.py:2613} INFO - Dependencies all met for dep_context=non-requeueable deps ti=<TaskInstance: api_to_spark.submit_spark_job manual__2025-04-14T00:22:19.920305+00:00 [queued]>
[2025-04-14T00:22:32.452+0000] {taskinstance.py:2613} INFO - Dependencies all met for dep_context=requeueable deps ti=<TaskInstance: api_to_spark.submit_spark_job manual__2025-04-14T00:22:19.920305+00:00 [queued]>
[2025-04-14T00:22:32.453+0000] {taskinstance.py:2866} INFO - Starting attempt 1 of 1
[2025-04-14T00:22:32.484+0000] {taskinstance.py:2889} INFO - Executing <Task(SparkSubmitOperator): submit_spark_job> on 2025-04-14 00:22:19.920305+00:00
[2025-04-14T00:22:32.491+0000] {standard_task_runner.py:72} INFO - Started process 91 to run task
[2025-04-14T00:22:32.495+0000] {standard_task_runner.py:104} INFO - Running: ['airflow', 'tasks', 'run', 'api_to_spark', 'submit_spark_job', 'manual__2025-04-14T00:22:19.920305+00:00', '--job-id', '304', '--raw', '--subdir', 'DAGS_FOLDER/api_to_spark.py', '--cfg-path', '/tmp/tmpfnhb710b']
[2025-04-14T00:22:32.498+0000] {standard_task_runner.py:105} INFO - Job 304: Subtask submit_spark_job
[2025-04-14T00:22:32.568+0000] {task_command.py:467} INFO - Running <TaskInstance: api_to_spark.submit_spark_job manual__2025-04-14T00:22:19.920305+00:00 [running]> on host 54c350dd64ee
[2025-04-14T00:22:32.693+0000] {taskinstance.py:3132} INFO - Exporting env vars: AIRFLOW_CTX_DAG_OWNER='airflow' AIRFLOW_CTX_DAG_ID='api_to_spark' AIRFLOW_CTX_TASK_ID='submit_spark_job' AIRFLOW_CTX_EXECUTION_DATE='2025-04-14T00:22:19.920305+00:00' AIRFLOW_CTX_TRY_NUMBER='1' AIRFLOW_CTX_DAG_RUN_ID='manual__2025-04-14T00:22:19.920305+00:00'
[2025-04-14T00:22:32.695+0000] {taskinstance.py:731} INFO - ::endgroup::
[2025-04-14T00:22:32.715+0000] {base.py:84} INFO - Retrieving connection 'spark_default'
[2025-04-14T00:22:32.718+0000] {spark_submit.py:474} INFO - Spark-Submit cmd: spark-submit --master spark-master:7077 --conf spark.master=spark://spark-master:7077 --conf spark.jars=/opt/bitnami/spark/jars/postgresql-42.7.3.jar --name arrow-spark --verbose /opt/bitnami/spark/src/processing_script.py
[2025-04-14T00:22:32.731+0000] {spark_submit.py:645} INFO - /opt/spark/bin/load-spark-env.sh: line 68: ps: command not found
[2025-04-14T00:22:34.431+0000] {spark_submit.py:645} INFO - Using properties file: null
[2025-04-14T00:22:34.562+0000] {spark_submit.py:645} INFO - Parsed arguments:
[2025-04-14T00:22:34.563+0000] {spark_submit.py:645} INFO - master                  spark-master:7077
[2025-04-14T00:22:34.563+0000] {spark_submit.py:645} INFO - remote                  null
[2025-04-14T00:22:34.564+0000] {spark_submit.py:645} INFO - deployMode              null
[2025-04-14T00:22:34.564+0000] {spark_submit.py:645} INFO - executorMemory          null
[2025-04-14T00:22:34.565+0000] {spark_submit.py:645} INFO - executorCores           null
[2025-04-14T00:22:34.566+0000] {spark_submit.py:645} INFO - totalExecutorCores      null
[2025-04-14T00:22:34.566+0000] {spark_submit.py:645} INFO - propertiesFile          null
[2025-04-14T00:22:34.567+0000] {spark_submit.py:645} INFO - driverMemory            null
[2025-04-14T00:22:34.567+0000] {spark_submit.py:645} INFO - driverCores             null
[2025-04-14T00:22:34.568+0000] {spark_submit.py:645} INFO - driverExtraClassPath    null
[2025-04-14T00:22:34.569+0000] {spark_submit.py:645} INFO - driverExtraLibraryPath  null
[2025-04-14T00:22:34.569+0000] {spark_submit.py:645} INFO - driverExtraJavaOptions  null
[2025-04-14T00:22:34.570+0000] {spark_submit.py:645} INFO - supervise               false
[2025-04-14T00:22:34.570+0000] {spark_submit.py:645} INFO - queue                   null
[2025-04-14T00:22:34.571+0000] {spark_submit.py:645} INFO - numExecutors            null
[2025-04-14T00:22:34.571+0000] {spark_submit.py:645} INFO - files                   null
[2025-04-14T00:22:34.572+0000] {spark_submit.py:645} INFO - pyFiles                 null
[2025-04-14T00:22:34.572+0000] {spark_submit.py:645} INFO - archives                null
[2025-04-14T00:22:34.573+0000] {spark_submit.py:645} INFO - mainClass               null
[2025-04-14T00:22:34.574+0000] {spark_submit.py:645} INFO - primaryResource         file:/opt/bitnami/spark/src/processing_script.py
[2025-04-14T00:22:34.574+0000] {spark_submit.py:645} INFO - name                    arrow-spark
[2025-04-14T00:22:34.575+0000] {spark_submit.py:645} INFO - childArgs               []
[2025-04-14T00:22:34.575+0000] {spark_submit.py:645} INFO - jars                    /opt/bitnami/spark/jars/postgresql-42.7.3.jar
[2025-04-14T00:22:34.576+0000] {spark_submit.py:645} INFO - packages                null
[2025-04-14T00:22:34.576+0000] {spark_submit.py:645} INFO - packagesExclusions      null
[2025-04-14T00:22:34.577+0000] {spark_submit.py:645} INFO - repositories            null
[2025-04-14T00:22:34.577+0000] {spark_submit.py:645} INFO - verbose                 true
[2025-04-14T00:22:34.578+0000] {spark_submit.py:645} INFO - 
[2025-04-14T00:22:34.578+0000] {spark_submit.py:645} INFO - Spark properties used, including those specified through
[2025-04-14T00:22:34.579+0000] {spark_submit.py:645} INFO - --conf and those from the properties file null:
[2025-04-14T00:22:34.579+0000] {spark_submit.py:645} INFO - (spark.jars,/opt/bitnami/spark/jars/postgresql-42.7.3.jar)
[2025-04-14T00:22:34.580+0000] {spark_submit.py:645} INFO - (spark.master,spark://spark-master:7077)
[2025-04-14T00:22:34.580+0000] {spark_submit.py:645} INFO - 
[2025-04-14T00:22:34.581+0000] {spark_submit.py:645} INFO - 
[2025-04-14T00:22:35.007+0000] {spark_submit.py:645} INFO - 25/04/14 00:22:35 WARN NativeCodeLoader: Unable to load native-hadoop library for your platform... using builtin-java classes where applicable
[2025-04-14T00:22:35.247+0000] {spark_submit.py:645} INFO - Main class:
[2025-04-14T00:22:35.248+0000] {spark_submit.py:645} INFO - org.apache.spark.deploy.PythonRunner
[2025-04-14T00:22:35.248+0000] {spark_submit.py:645} INFO - Arguments:
[2025-04-14T00:22:35.249+0000] {spark_submit.py:645} INFO - file:/opt/bitnami/spark/src/processing_script.py
[2025-04-14T00:22:35.249+0000] {spark_submit.py:645} INFO - null
[2025-04-14T00:22:35.252+0000] {spark_submit.py:645} INFO - Spark config:
[2025-04-14T00:22:35.253+0000] {spark_submit.py:645} INFO - (spark.app.name,arrow-spark)
[2025-04-14T00:22:35.253+0000] {spark_submit.py:645} INFO - (spark.app.submitTime,1744590155226)
[2025-04-14T00:22:35.254+0000] {spark_submit.py:645} INFO - (spark.jars,file:///opt/bitnami/spark/jars/postgresql-42.7.3.jar)
[2025-04-14T00:22:35.254+0000] {spark_submit.py:645} INFO - (spark.master,spark-master:7077)
[2025-04-14T00:22:35.255+0000] {spark_submit.py:645} INFO - (spark.repl.local.jars,file:///opt/bitnami/spark/jars/postgresql-42.7.3.jar)
[2025-04-14T00:22:35.256+0000] {spark_submit.py:645} INFO - (spark.submit.deployMode,client)
[2025-04-14T00:22:35.256+0000] {spark_submit.py:645} INFO - (spark.submit.pyFiles,)
[2025-04-14T00:22:35.256+0000] {spark_submit.py:645} INFO - Classpath elements:
[2025-04-14T00:22:35.257+0000] {spark_submit.py:645} INFO - file:///opt/bitnami/spark/jars/postgresql-42.7.3.jar
[2025-04-14T00:22:35.257+0000] {spark_submit.py:645} INFO - 
[2025-04-14T00:22:35.258+0000] {spark_submit.py:645} INFO - 
[2025-04-14T00:22:36.968+0000] {spark_submit.py:645} INFO - 25/04/14 00:22:36 INFO SparkContext: Running Spark version 3.5.1
[2025-04-14T00:22:36.969+0000] {spark_submit.py:645} INFO - 25/04/14 00:22:36 INFO SparkContext: OS info Linux, 6.10.14-linuxkit, amd64
[2025-04-14T00:22:36.969+0000] {spark_submit.py:645} INFO - 25/04/14 00:22:36 INFO SparkContext: Java version 17.0.14
[2025-04-14T00:22:37.002+0000] {spark_submit.py:645} INFO - 25/04/14 00:22:37 INFO ResourceUtils: ==============================================================
[2025-04-14T00:22:37.003+0000] {spark_submit.py:645} INFO - 25/04/14 00:22:37 INFO ResourceUtils: No custom resources configured for spark.driver.
[2025-04-14T00:22:37.003+0000] {spark_submit.py:645} INFO - 25/04/14 00:22:37 INFO ResourceUtils: ==============================================================
[2025-04-14T00:22:37.004+0000] {spark_submit.py:645} INFO - 25/04/14 00:22:37 INFO SparkContext: Submitted application: DataProcessingJob
[2025-04-14T00:22:37.029+0000] {spark_submit.py:645} INFO - 25/04/14 00:22:37 INFO ResourceProfile: Default ResourceProfile created, executor resources: Map(cores -> name: cores, amount: 1, script: , vendor: , memory -> name: memory, amount: 1024, script: , vendor: , offHeap -> name: offHeap, amount: 0, script: , vendor: ), task resources: Map(cpus -> name: cpus, amount: 1.0)
[2025-04-14T00:22:37.039+0000] {spark_submit.py:645} INFO - 25/04/14 00:22:37 INFO ResourceProfile: Limiting resource is cpu
[2025-04-14T00:22:37.040+0000] {spark_submit.py:645} INFO - 25/04/14 00:22:37 INFO ResourceProfileManager: Added ResourceProfile id: 0
[2025-04-14T00:22:37.102+0000] {spark_submit.py:645} INFO - 25/04/14 00:22:37 INFO SecurityManager: Changing view acls to: airflow
[2025-04-14T00:22:37.103+0000] {spark_submit.py:645} INFO - 25/04/14 00:22:37 INFO SecurityManager: Changing modify acls to: airflow
[2025-04-14T00:22:37.104+0000] {spark_submit.py:645} INFO - 25/04/14 00:22:37 INFO SecurityManager: Changing view acls groups to:
[2025-04-14T00:22:37.105+0000] {spark_submit.py:645} INFO - 25/04/14 00:22:37 INFO SecurityManager: Changing modify acls groups to:
[2025-04-14T00:22:37.106+0000] {spark_submit.py:645} INFO - 25/04/14 00:22:37 INFO SecurityManager: SecurityManager: authentication disabled; ui acls disabled; users with view permissions: airflow; groups with view permissions: EMPTY; users with modify permissions: airflow; groups with modify permissions: EMPTY
[2025-04-14T00:22:37.406+0000] {spark_submit.py:645} INFO - 25/04/14 00:22:37 INFO Utils: Successfully started service 'sparkDriver' on port 44139.
[2025-04-14T00:22:37.445+0000] {spark_submit.py:645} INFO - 25/04/14 00:22:37 INFO SparkEnv: Registering MapOutputTracker
[2025-04-14T00:22:37.505+0000] {spark_submit.py:645} INFO - 25/04/14 00:22:37 INFO SparkEnv: Registering BlockManagerMaster
[2025-04-14T00:22:37.551+0000] {spark_submit.py:645} INFO - 25/04/14 00:22:37 INFO BlockManagerMasterEndpoint: Using org.apache.spark.storage.DefaultTopologyMapper for getting topology information
[2025-04-14T00:22:37.553+0000] {spark_submit.py:645} INFO - 25/04/14 00:22:37 INFO BlockManagerMasterEndpoint: BlockManagerMasterEndpoint up
[2025-04-14T00:22:37.558+0000] {spark_submit.py:645} INFO - 25/04/14 00:22:37 INFO SparkEnv: Registering BlockManagerMasterHeartbeat
[2025-04-14T00:22:37.585+0000] {spark_submit.py:645} INFO - 25/04/14 00:22:37 INFO DiskBlockManager: Created local directory at /tmp/blockmgr-2fd05b21-d04c-476e-984e-a46ed70ea211
[2025-04-14T00:22:37.605+0000] {spark_submit.py:645} INFO - 25/04/14 00:22:37 INFO MemoryStore: MemoryStore started with capacity 434.4 MiB
[2025-04-14T00:22:37.626+0000] {spark_submit.py:645} INFO - 25/04/14 00:22:37 INFO SparkEnv: Registering OutputCommitCoordinator
[2025-04-14T00:22:37.790+0000] {spark_submit.py:645} INFO - 25/04/14 00:22:37 INFO JettyUtils: Start Jetty 0.0.0.0:4040 for SparkUI
[2025-04-14T00:22:37.942+0000] {spark_submit.py:645} INFO - 25/04/14 00:22:37 INFO Utils: Successfully started service 'SparkUI' on port 4040.
[2025-04-14T00:22:38.000+0000] {spark_submit.py:645} INFO - 25/04/14 00:22:38 INFO SparkContext: Added JAR /opt/bitnami/spark/jars/postgresql-42.7.3.jar at spark://54c350dd64ee:44139/jars/postgresql-42.7.3.jar with timestamp 1744590156958
[2025-04-14T00:22:38.157+0000] {spark_submit.py:645} INFO - 25/04/14 00:22:38 INFO Executor: Starting executor ID driver on host 54c350dd64ee
[2025-04-14T00:22:38.157+0000] {spark_submit.py:645} INFO - 25/04/14 00:22:38 INFO Executor: OS info Linux, 6.10.14-linuxkit, amd64
[2025-04-14T00:22:38.159+0000] {spark_submit.py:645} INFO - 25/04/14 00:22:38 INFO Executor: Java version 17.0.14
[2025-04-14T00:22:38.167+0000] {spark_submit.py:645} INFO - 25/04/14 00:22:38 INFO Executor: Starting executor with user classpath (userClassPathFirst = false): ''
[2025-04-14T00:22:38.168+0000] {spark_submit.py:645} INFO - 25/04/14 00:22:38 INFO Executor: Created or updated repl class loader org.apache.spark.util.MutableURLClassLoader@41165b7c for default.
[2025-04-14T00:22:38.215+0000] {spark_submit.py:645} INFO - 25/04/14 00:22:38 INFO Executor: Fetching spark://54c350dd64ee:44139/jars/postgresql-42.7.3.jar with timestamp 1744590156958
[2025-04-14T00:22:38.328+0000] {spark_submit.py:645} INFO - 25/04/14 00:22:38 INFO TransportClientFactory: Successfully created connection to 54c350dd64ee/172.18.0.8:44139 after 58 ms (0 ms spent in bootstraps)
[2025-04-14T00:22:38.336+0000] {spark_submit.py:645} INFO - 25/04/14 00:22:38 INFO Utils: Fetching spark://54c350dd64ee:44139/jars/postgresql-42.7.3.jar to /tmp/spark-e89866c7-dfee-4635-846d-44a3f8d03a7c/userFiles-13270581-c603-40b9-bcf5-27e8b4b70b2a/fetchFileTemp2564653935395504562.tmp
[2025-04-14T00:22:38.415+0000] {spark_submit.py:645} INFO - 25/04/14 00:22:38 INFO Executor: Adding file:/tmp/spark-e89866c7-dfee-4635-846d-44a3f8d03a7c/userFiles-13270581-c603-40b9-bcf5-27e8b4b70b2a/postgresql-42.7.3.jar to class loader default
[2025-04-14T00:22:38.429+0000] {spark_submit.py:645} INFO - 25/04/14 00:22:38 INFO Utils: Successfully started service 'org.apache.spark.network.netty.NettyBlockTransferService' on port 46575.
[2025-04-14T00:22:38.430+0000] {spark_submit.py:645} INFO - 25/04/14 00:22:38 INFO NettyBlockTransferService: Server created on 54c350dd64ee:46575
[2025-04-14T00:22:38.434+0000] {spark_submit.py:645} INFO - 25/04/14 00:22:38 INFO BlockManager: Using org.apache.spark.storage.RandomBlockReplicationPolicy for block replication policy
[2025-04-14T00:22:38.441+0000] {spark_submit.py:645} INFO - 25/04/14 00:22:38 INFO BlockManagerMaster: Registering BlockManager BlockManagerId(driver, 54c350dd64ee, 46575, None)
[2025-04-14T00:22:38.445+0000] {spark_submit.py:645} INFO - 25/04/14 00:22:38 INFO BlockManagerMasterEndpoint: Registering block manager 54c350dd64ee:46575 with 434.4 MiB RAM, BlockManagerId(driver, 54c350dd64ee, 46575, None)
[2025-04-14T00:22:38.448+0000] {spark_submit.py:645} INFO - 25/04/14 00:22:38 INFO BlockManagerMaster: Registered BlockManager BlockManagerId(driver, 54c350dd64ee, 46575, None)
[2025-04-14T00:22:38.449+0000] {spark_submit.py:645} INFO - 25/04/14 00:22:38 INFO BlockManager: Initialized BlockManager: BlockManagerId(driver, 54c350dd64ee, 46575, None)
[2025-04-14T00:22:39.009+0000] {spark_submit.py:645} INFO - 25/04/14 00:22:39 INFO SharedState: Setting hive.metastore.warehouse.dir ('null') to the value of spark.sql.warehouse.dir.
[2025-04-14T00:22:39.012+0000] {spark_submit.py:645} INFO - 25/04/14 00:22:39 INFO SharedState: Warehouse path is 'file:/opt/airflow/spark-warehouse'.
[2025-04-14T00:22:41.709+0000] {spark_submit.py:645} INFO - 
[2025-04-14T00:22:43.651+0000] {spark_submit.py:645} INFO - 25/04/14 00:22:43 INFO CodeGenerator: Code generated in 290.841675 ms
[2025-04-14T00:22:43.669+0000] {spark_submit.py:645} INFO - 25/04/14 00:22:43 INFO CodeGenerator: Code generated in 13.027843 ms
[2025-04-14T00:22:43.902+0000] {spark_submit.py:645} INFO - 25/04/14 00:22:43 INFO SparkContext: Starting job: save at NativeMethodAccessorImpl.java:0
[2025-04-14T00:22:43.931+0000] {spark_submit.py:645} INFO - 25/04/14 00:22:43 INFO DAGScheduler: Got job 0 (save at NativeMethodAccessorImpl.java:0) with 1 output partitions
[2025-04-14T00:22:43.932+0000] {spark_submit.py:645} INFO - 25/04/14 00:22:43 INFO DAGScheduler: Final stage: ResultStage 0 (save at NativeMethodAccessorImpl.java:0)
[2025-04-14T00:22:43.932+0000] {spark_submit.py:645} INFO - 25/04/14 00:22:43 INFO DAGScheduler: Parents of final stage: List()
[2025-04-14T00:22:43.933+0000] {spark_submit.py:645} INFO - 25/04/14 00:22:43 INFO DAGScheduler: Missing parents: List()
[2025-04-14T00:22:43.938+0000] {spark_submit.py:645} INFO - 25/04/14 00:22:43 INFO DAGScheduler: Submitting ResultStage 0 (MapPartitionsRDD[7] at save at NativeMethodAccessorImpl.java:0), which has no missing parents
[2025-04-14T00:22:44.123+0000] {spark_submit.py:645} INFO - 25/04/14 00:22:44 INFO MemoryStore: Block broadcast_0 stored as values in memory (estimated size 43.5 KiB, free 434.4 MiB)
[2025-04-14T00:22:44.190+0000] {spark_submit.py:645} INFO - 25/04/14 00:22:44 INFO MemoryStore: Block broadcast_0_piece0 stored as bytes in memory (estimated size 18.4 KiB, free 434.3 MiB)
[2025-04-14T00:22:44.192+0000] {spark_submit.py:645} INFO - 25/04/14 00:22:44 INFO BlockManagerInfo: Added broadcast_0_piece0 in memory on 54c350dd64ee:46575 (size: 18.4 KiB, free: 434.4 MiB)
[2025-04-14T00:22:44.199+0000] {spark_submit.py:645} INFO - 25/04/14 00:22:44 INFO SparkContext: Created broadcast 0 from broadcast at DAGScheduler.scala:1585
[2025-04-14T00:22:44.220+0000] {spark_submit.py:645} INFO - 25/04/14 00:22:44 INFO DAGScheduler: Submitting 1 missing tasks from ResultStage 0 (MapPartitionsRDD[7] at save at NativeMethodAccessorImpl.java:0) (first 15 tasks are for partitions Vector(0))
[2025-04-14T00:22:44.222+0000] {spark_submit.py:645} INFO - 25/04/14 00:22:44 INFO TaskSchedulerImpl: Adding task set 0.0 with 1 tasks resource profile 0
[2025-04-14T00:22:44.277+0000] {spark_submit.py:645} INFO - 25/04/14 00:22:44 INFO TaskSetManager: Starting task 0.0 in stage 0.0 (TID 0) (54c350dd64ee, executor driver, partition 0, PROCESS_LOCAL, 7641 bytes)
[2025-04-14T00:22:44.298+0000] {spark_submit.py:645} INFO - 25/04/14 00:22:44 INFO Executor: Running task 0.0 in stage 0.0 (TID 0)
[2025-04-14T00:22:44.461+0000] {spark_submit.py:645} INFO - 25/04/14 00:22:44 INFO CodeGenerator: Code generated in 11.926815 ms
[2025-04-14T00:22:44.500+0000] {spark_submit.py:645} INFO - 25/04/14 00:22:44 INFO CodeGenerator: Code generated in 12.063393 ms
[2025-04-14T00:22:44.552+0000] {spark_submit.py:645} INFO - 25/04/14 00:22:44 INFO CodeGenerator: Code generated in 39.540757 ms
[2025-04-14T00:22:44.585+0000] {spark_submit.py:645} INFO - 25/04/14 00:22:44 INFO CodeGenerator: Code generated in 30.694234 ms
[2025-04-14T00:22:46.195+0000] {spark_submit.py:645} INFO - 25/04/14 00:22:46 INFO CodeGenerator: Code generated in 24.611964 ms
[2025-04-14T00:22:46.309+0000] {spark_submit.py:645} INFO - 25/04/14 00:22:46 INFO JDBCRDD: closed connection
[2025-04-14T00:22:46.342+0000] {spark_submit.py:645} INFO - 25/04/14 00:22:46 INFO Executor: Finished task 0.0 in stage 0.0 (TID 0). 1527 bytes result sent to driver
[2025-04-14T00:22:46.359+0000] {spark_submit.py:645} INFO - 25/04/14 00:22:46 INFO TaskSetManager: Finished task 0.0 in stage 0.0 (TID 0) in 2094 ms on 54c350dd64ee (executor driver) (1/1)
[2025-04-14T00:22:46.362+0000] {spark_submit.py:645} INFO - 25/04/14 00:22:46 INFO TaskSchedulerImpl: Removed TaskSet 0.0, whose tasks have all completed, from pool
[2025-04-14T00:22:46.371+0000] {spark_submit.py:645} INFO - 25/04/14 00:22:46 INFO DAGScheduler: ResultStage 0 (save at NativeMethodAccessorImpl.java:0) finished in 2.415 s
[2025-04-14T00:22:46.378+0000] {spark_submit.py:645} INFO - 25/04/14 00:22:46 INFO DAGScheduler: Job 0 is finished. Cancelling potential speculative or zombie tasks for this job
[2025-04-14T00:22:46.379+0000] {spark_submit.py:645} INFO - 25/04/14 00:22:46 INFO TaskSchedulerImpl: Killing all running tasks in stage 0: Stage finished
[2025-04-14T00:22:46.381+0000] {spark_submit.py:645} INFO - 25/04/14 00:22:46 INFO DAGScheduler: Job 0 finished: save at NativeMethodAccessorImpl.java:0, took 2.477897 s
[2025-04-14T00:22:46.417+0000] {spark_submit.py:645} INFO - 25/04/14 00:22:46 INFO SparkContext: SparkContext is stopping with exitCode 0.
[2025-04-14T00:22:46.437+0000] {spark_submit.py:645} INFO - 25/04/14 00:22:46 INFO SparkUI: Stopped Spark web UI at http://54c350dd64ee:4040
[2025-04-14T00:22:46.466+0000] {spark_submit.py:645} INFO - 25/04/14 00:22:46 INFO MapOutputTrackerMasterEndpoint: MapOutputTrackerMasterEndpoint stopped!
[2025-04-14T00:22:46.491+0000] {spark_submit.py:645} INFO - 25/04/14 00:22:46 INFO MemoryStore: MemoryStore cleared
[2025-04-14T00:22:46.492+0000] {spark_submit.py:645} INFO - 25/04/14 00:22:46 INFO BlockManager: BlockManager stopped
[2025-04-14T00:22:46.504+0000] {spark_submit.py:645} INFO - 25/04/14 00:22:46 INFO BlockManagerMaster: BlockManagerMaster stopped
[2025-04-14T00:22:46.508+0000] {spark_submit.py:645} INFO - 25/04/14 00:22:46 INFO OutputCommitCoordinator$OutputCommitCoordinatorEndpoint: OutputCommitCoordinator stopped!
[2025-04-14T00:22:46.527+0000] {spark_submit.py:645} INFO - 25/04/14 00:22:46 INFO SparkContext: Successfully stopped SparkContext
[2025-04-14T00:22:46.890+0000] {spark_submit.py:645} INFO - 25/04/14 00:22:46 INFO ShutdownHookManager: Shutdown hook called
[2025-04-14T00:22:46.891+0000] {spark_submit.py:645} INFO - 25/04/14 00:22:46 INFO ShutdownHookManager: Deleting directory /tmp/spark-e89866c7-dfee-4635-846d-44a3f8d03a7c/pyspark-2b169720-4209-4782-80da-193cba24947e
[2025-04-14T00:22:46.898+0000] {spark_submit.py:645} INFO - 25/04/14 00:22:46 INFO ShutdownHookManager: Deleting directory /tmp/spark-2573b7be-c706-47db-b72d-4df17e5d683f
[2025-04-14T00:22:46.906+0000] {spark_submit.py:645} INFO - 25/04/14 00:22:46 INFO ShutdownHookManager: Deleting directory /tmp/spark-e89866c7-dfee-4635-846d-44a3f8d03a7c
[2025-04-14T00:22:46.964+0000] {taskinstance.py:340} INFO - ::group::Post task execution logs
[2025-04-14T00:22:46.964+0000] {taskinstance.py:352} INFO - Marking task as SUCCESS. dag_id=api_to_spark, task_id=submit_spark_job, run_id=manual__2025-04-14T00:22:19.920305+00:00, execution_date=20250414T002219, start_date=20250414T002232, end_date=20250414T002246
[2025-04-14T00:22:47.016+0000] {local_task_job_runner.py:266} INFO - Task exited with return code 0
[2025-04-14T00:22:47.035+0000] {taskinstance.py:3895} INFO - 0 downstream tasks scheduled from follow-on schedule check
[2025-04-14T00:22:47.036+0000] {local_task_job_runner.py:245} INFO - ::endgroup::
